This is pdfTeX, Version 3.1415926-2.5-1.40.14 (TeX Live 2013/Debian) (format=pdflatex 2014.4.23)  26 MAY 2014 18:53
entering extended mode
 restricted \write18 enabled.
 %&-line parsing enabled.
**GreenSubwayStationData.tex
(./GreenSubwayStationData.tex
LaTeX2e <2011/06/27>
Babel <3.9h> and hyphenation patterns for 9 languages loaded.
(./chi-ext.cls
Document Class: chi-ext 2010/12/01, Luis A. Leiva
CHI Extended Abstracts template, original design by Manas Tungare, modified and
 refactored by Luis A. Leiva
Available at http://personales.upv.es/luileito/chiext/
(/usr/share/texlive/texmf-dist/tex/latex/base/article.cls
Document Class: article 2007/10/19 v1.4h Standard LaTeX document class
(/usr/share/texlive/texmf-dist/tex/latex/base/size10.clo
File: size10.clo 2007/10/19 v1.4h Standard LaTeX file (size option)
)
\c@part=\count79
\c@section=\count80
\c@subsection=\count81
\c@subsubsection=\count82
\c@paragraph=\count83
\c@subparagraph=\count84
\c@figure=\count85
\c@table=\count86
\abovecaptionskip=\skip41
\belowcaptionskip=\skip42
\bibindent=\dimen102
)
\catcount=\count87

(/usr/share/texlive/texmf-dist/tex/latex/titlesec/titlesec.sty
Package: titlesec 2011/12/15 v2.10.0 Sectioning titles
\ttl@box=\box26
\beforetitleunit=\skip43
\aftertitleunit=\skip44
\ttl@plus=\dimen103
\ttl@minus=\dimen104
\ttl@toksa=\toks14
\titlewidth=\dimen105
\titlewidthlast=\dimen106
\titlewidthfirst=\dimen107
)
(/usr/share/texlive/texmf-dist/tex/latex/caption/caption.sty
Package: caption 2013/05/02 v3.3-89 Customizing captions (AR)

(/usr/share/texlive/texmf-dist/tex/latex/caption/caption3.sty
Package: caption3 2013/05/02 v1.6-88 caption3 kernel (AR)
Package caption3 Info: TeX engine: e-TeX on input line 57.

(/usr/share/texlive/texmf-dist/tex/latex/graphics/keyval.sty
Package: keyval 1999/03/16 v1.13 key=value parser (DPC)
\KV@toks@=\toks15
)
\captionmargin=\dimen108
\captionmargin@=\dimen109
\captionwidth=\dimen110
\caption@tempdima=\dimen111
\caption@indent=\dimen112
\caption@parindent=\dimen113
\caption@hangindent=\dimen114
)
\c@ContinuedFloat=\count88
)
(/usr/share/texlive/texmf-dist/tex/latex/url/url.sty
\Urlmuskip=\muskip10
Package: url 2013/09/16  ver 3.4  Verb mode for urls, etc.
)
(/usr/share/texlive/texmf-dist/tex/latex/footmisc/footmisc.sty
Package: footmisc 2011/06/06 v5.5b a miscellany of footnote facilities
\FN@temptoken=\toks16
\footnotemargin=\dimen115
\c@pp@next@reset=\count89
Package footmisc Info: Declaring symbol style bringhurst on input line 855.
Package footmisc Info: Declaring symbol style chicago on input line 863.
Package footmisc Info: Declaring symbol style wiley on input line 872.
Package footmisc Info: Declaring symbol style lamport-robust on input line 883.

Package footmisc Info: Declaring symbol style lamport* on input line 903.
Package footmisc Info: Declaring symbol style lamport*-robust on input line 924
.
)
(/usr/share/texlive/texmf-dist/tex/latex/hyperref/hyperref.sty
Package: hyperref 2012/11/06 v6.83m Hypertext links for LaTeX

(/usr/share/texlive/texmf-dist/tex/generic/oberdiek/hobsub-hyperref.sty
Package: hobsub-hyperref 2012/05/28 v1.13 Bundle oberdiek, subset hyperref (HO)


(/usr/share/texlive/texmf-dist/tex/generic/oberdiek/hobsub-generic.sty
Package: hobsub-generic 2012/05/28 v1.13 Bundle oberdiek, subset generic (HO)
Package: hobsub 2012/05/28 v1.13 Construct package bundles (HO)
Package: infwarerr 2010/04/08 v1.3 Providing info/warning/error messages (HO)
Package: ltxcmds 2011/11/09 v1.22 LaTeX kernel commands for general use (HO)
Package: ifluatex 2010/03/01 v1.3 Provides the ifluatex switch (HO)
Package ifluatex Info: LuaTeX not detected.
Package: ifvtex 2010/03/01 v1.5 Detect VTeX and its facilities (HO)
Package ifvtex Info: VTeX not detected.
Package: intcalc 2007/09/27 v1.1 Expandable calculations with integers (HO)
Package: ifpdf 2011/01/30 v2.3 Provides the ifpdf switch (HO)
Package ifpdf Info: pdfTeX in PDF mode is detected.
Package: etexcmds 2011/02/16 v1.5 Avoid name clashes with e-TeX commands (HO)
Package etexcmds Info: Could not find \expanded.
(etexcmds)             That can mean that you are not using pdfTeX 1.50 or
(etexcmds)             that some package has redefined \expanded.
(etexcmds)             In the latter case, load this package earlier.
Package: kvsetkeys 2012/04/25 v1.16 Key value parser (HO)
Package: kvdefinekeys 2011/04/07 v1.3 Define keys (HO)
Package: pdftexcmds 2011/11/29 v0.20 Utility functions of pdfTeX for LuaTeX (HO
)
Package pdftexcmds Info: LuaTeX not detected.
Package pdftexcmds Info: \pdf@primitive is available.
Package pdftexcmds Info: \pdf@ifprimitive is available.
Package pdftexcmds Info: \pdfdraftmode found.
Package: pdfescape 2011/11/25 v1.13 Implements pdfTeX's escape features (HO)
Package: bigintcalc 2012/04/08 v1.3 Expandable calculations on big integers (HO
)
Package: bitset 2011/01/30 v1.1 Handle bit-vector datatype (HO)
Package: uniquecounter 2011/01/30 v1.2 Provide unlimited unique counter (HO)
)
Package hobsub Info: Skipping package `hobsub' (already loaded).
Package: letltxmacro 2010/09/02 v1.4 Let assignment for LaTeX macros (HO)
Package: hopatch 2012/05/28 v1.2 Wrapper for package hooks (HO)
Package: xcolor-patch 2011/01/30 xcolor patch
Package: atveryend 2011/06/30 v1.8 Hooks at the very end of document (HO)
Package atveryend Info: \enddocument detected (standard20110627).
Package: atbegshi 2011/10/05 v1.16 At begin shipout hook (HO)
Package: refcount 2011/10/16 v3.4 Data extraction from label references (HO)
Package: hycolor 2011/01/30 v1.7 Color options for hyperref/bookmark (HO)
)
(/usr/share/texlive/texmf-dist/tex/generic/ifxetex/ifxetex.sty
Package: ifxetex 2010/09/12 v0.6 Provides ifxetex conditional
)
(/usr/share/texlive/texmf-dist/tex/latex/oberdiek/auxhook.sty
Package: auxhook 2011/03/04 v1.3 Hooks for auxiliary files (HO)
)
(/usr/share/texlive/texmf-dist/tex/latex/oberdiek/kvoptions.sty
Package: kvoptions 2011/06/30 v3.11 Key value format for package options (HO)
)
\@linkdim=\dimen116
\Hy@linkcounter=\count90
\Hy@pagecounter=\count91

(/usr/share/texlive/texmf-dist/tex/latex/hyperref/pd1enc.def
File: pd1enc.def 2012/11/06 v6.83m Hyperref: PDFDocEncoding definition (HO)
)
\Hy@SavedSpaceFactor=\count92

(/usr/share/texlive/texmf-dist/tex/latex/latexconfig/hyperref.cfg
File: hyperref.cfg 2002/06/06 v1.2 hyperref configuration of TeXLive
)
Package hyperref Info: Option `colorlinks' set `true' on input line 4319.
Package hyperref Info: Option `linktocpage' set `true' on input line 4319.
Package hyperref Info: Option `naturalnames' set `true' on input line 4319.
Package hyperref Info: Option `plainpages' set `true' on input line 4319.
Package hyperref Info: Option `final' set `true' on input line 4319.
Package hyperref Info: Hyper figures OFF on input line 4443.
Package hyperref Info: Link nesting OFF on input line 4448.
Package hyperref Info: Hyper index ON on input line 4451.
Package hyperref Info: Plain pages ON on input line 4456.
Package hyperref Info: Backreferencing OFF on input line 4463.
Package hyperref Info: Implicit mode ON; LaTeX internals redefined.
Package hyperref Info: Bookmarks ON on input line 4688.
\c@Hy@tempcnt=\count93
LaTeX Info: Redefining \url on input line 5041.
\XeTeXLinkMargin=\dimen117
\Fld@menulength=\count94
\Field@Width=\dimen118
\Fld@charsize=\dimen119
Package hyperref Info: Hyper figures OFF on input line 6295.
Package hyperref Info: Link nesting OFF on input line 6300.
Package hyperref Info: Hyper index ON on input line 6303.
Package hyperref Info: backreferencing OFF on input line 6310.
Package hyperref Info: Link coloring ON on input line 6313.
Package hyperref Info: Link coloring with OCG OFF on input line 6320.
Package hyperref Info: PDF/A mode OFF on input line 6325.
LaTeX Info: Redefining \ref on input line 6365.
LaTeX Info: Redefining \pageref on input line 6369.
\Hy@abspage=\count95
\c@Item=\count96
\c@Hfootnote=\count97
)

Package hyperref Message: Driver (autodetected): hpdftex.

(/usr/share/texlive/texmf-dist/tex/latex/hyperref/hpdftex.def
File: hpdftex.def 2012/11/06 v6.83m Hyperref driver for pdfTeX
\Fld@listcount=\count98
\c@bookmark@seq@number=\count99

(/usr/share/texlive/texmf-dist/tex/latex/oberdiek/rerunfilecheck.sty
Package: rerunfilecheck 2011/04/15 v1.7 Rerun checks for auxiliary files (HO)
Package uniquecounter Info: New unique counter `rerunfilecheck' on input line 2
82.
)
\Hy@SectionHShift=\skip45
))
(./config.tex (/usr/share/texlive/texmf-dist/tex/latex/tools/tabularx.sty
Package: tabularx 1999/01/07 v2.07 `tabularx' package (DPC)

(/usr/share/texlive/texmf-dist/tex/latex/tools/array.sty
Package: array 2008/09/09 v2.4c Tabular extension package (FMi)
\col@sep=\dimen120
\extrarowheight=\dimen121
\NC@list=\toks17
\extratabsurround=\skip46
\backup@length=\skip47
)
\TX@col@width=\dimen122
\TX@old@table=\dimen123
\TX@old@col=\dimen124
\TX@target=\dimen125
\TX@delta=\dimen126
\TX@cols=\count100
\TX@ftn=\toks18
)
(/usr/share/texlive/texmf-dist/tex/latex/graphics/graphicx.sty
Package: graphicx 1999/02/16 v1.0f Enhanced LaTeX Graphics (DPC,SPQR)

(/usr/share/texlive/texmf-dist/tex/latex/graphics/graphics.sty
Package: graphics 2009/02/05 v1.0o Standard LaTeX Graphics (DPC,SPQR)

(/usr/share/texlive/texmf-dist/tex/latex/graphics/trig.sty
Package: trig 1999/03/16 v1.09 sin cos tan (DPC)
)
(/usr/share/texlive/texmf-dist/tex/latex/latexconfig/graphics.cfg
File: graphics.cfg 2010/04/23 v1.9 graphics configuration of TeX Live
)
Package graphics Info: Driver file: pdftex.def on input line 91.

(/usr/share/texlive/texmf-dist/tex/latex/pdftex-def/pdftex.def
File: pdftex.def 2011/05/27 v0.06d Graphics/color for pdfTeX
\Gread@gobject=\count101
))
\Gin@req@height=\dimen127
\Gin@req@width=\dimen128
)
(/usr/share/texlive/texmf-dist/tex/latex/subfigure/subfigure.sty
Package: subfigure 2002/03/15 v2.1.5 subfigure package
\subfigtopskip=\skip48
\subfigcapskip=\skip49
\subfigcaptopadj=\dimen129
\subfigbottomskip=\skip50
\subfigcapmargin=\dimen130
\subfiglabelskip=\skip51
\c@subfigure=\count102
\c@lofdepth=\count103
\c@subtable=\count104
\c@lotdepth=\count105

****************************************
* Local config file subfigure.cfg used *
****************************************
(/usr/share/texlive/texmf-dist/tex/latex/subfigure/subfigure.cfg)
\subfig@top=\skip52
\subfig@bottom=\skip53
)
(/usr/share/texlive/texmf-dist/tex/latex/preprint/balance.sty
Package: balance 1999/02/23 4.3 (PWD)
\oldvsize=\dimen131
))
(./GreenSubwayStationData.aux)
\openout1 = `GreenSubwayStationData.aux'.

LaTeX Font Info:    Checking defaults for OML/cmm/m/it on input line 6.
LaTeX Font Info:    ... okay on input line 6.
LaTeX Font Info:    Checking defaults for T1/cmr/m/n on input line 6.
LaTeX Font Info:    ... okay on input line 6.
LaTeX Font Info:    Checking defaults for OT1/cmr/m/n on input line 6.
LaTeX Font Info:    ... okay on input line 6.
LaTeX Font Info:    Checking defaults for OMS/cmsy/m/n on input line 6.
LaTeX Font Info:    ... okay on input line 6.
LaTeX Font Info:    Checking defaults for OMX/cmex/m/n on input line 6.
LaTeX Font Info:    ... okay on input line 6.
LaTeX Font Info:    Checking defaults for U/cmr/m/n on input line 6.
LaTeX Font Info:    ... okay on input line 6.
LaTeX Font Info:    Checking defaults for PD1/pdf/m/n on input line 6.
LaTeX Font Info:    ... okay on input line 6.
Package caption Info: Begin \AtBeginDocument code.
Package caption Info: hyperref package is loaded.
Package caption Info: subfigure package is loaded.
Package caption Info: End \AtBeginDocument code.
\AtBeginShipoutBox=\box27

(/usr/share/texlive/texmf-dist/tex/latex/graphics/color.sty
Package: color 2005/11/14 v1.0j Standard LaTeX Color (DPC)

(/usr/share/texlive/texmf-dist/tex/latex/latexconfig/color.cfg
File: color.cfg 2007/01/18 v1.5 color configuration of teTeX/TeXLive
)
Package color Info: Driver file: pdftex.def on input line 130.
)
Package hyperref Info: Link coloring ON on input line 6.

(/usr/share/texlive/texmf-dist/tex/latex/hyperref/nameref.sty
Package: nameref 2012/10/27 v2.43 Cross-referencing by name of section

(/usr/share/texlive/texmf-dist/tex/generic/oberdiek/gettitlestring.sty
Package: gettitlestring 2010/12/03 v1.4 Cleanup title references (HO)
)
\c@section@level=\count106
)
LaTeX Info: Redefining \ref on input line 6.
LaTeX Info: Redefining \pageref on input line 6.
LaTeX Info: Redefining \nameref on input line 6.

(./GreenSubwayStationData.out) (./GreenSubwayStationData.out)
\@outlinefile=\write3
\openout3 = `GreenSubwayStationData.out'.


(/usr/share/texlive/texmf-dist/tex/context/base/supp-pdf.mkii
[Loading MPS to PDF converter (version 2006.09.02).]
\scratchcounter=\count107
\scratchdimen=\dimen132
\scratchbox=\box28
\nofMPsegments=\count108
\nofMParguments=\count109
\everyMPshowfont=\toks19
\MPscratchCnt=\count110
\MPscratchDim=\dimen133
\MPnumerator=\count111
\makeMPintoPDFobject=\count112
\everyMPtoPDFconversion=\toks20
) (/usr/share/texlive/texmf-dist/tex/latex/oberdiek/epstopdf-base.sty
Package: epstopdf-base 2010/02/09 v2.5 Base part for package epstopdf

(/usr/share/texlive/texmf-dist/tex/latex/oberdiek/grfext.sty
Package: grfext 2010/08/19 v1.1 Manage graphics extensions (HO)
)
Package grfext Info: Graphics extension search list:
(grfext)             [.png,.pdf,.jpg,.mps,.jpeg,.jbig2,.jb2,.PNG,.PDF,.JPG,.JPE
G,.JBIG2,.JB2,.eps]
(grfext)             \AppendGraphicsExtensions on input line 452.

(/usr/share/texlive/texmf-dist/tex/latex/latexconfig/epstopdf-sys.cfg
File: epstopdf-sys.cfg 2010/07/13 v1.3 Configuration of (r)epstopdf for TeX Liv
e
))
LaTeX Font Info:    Try loading font information for OT1+phv on input line 56.

(/usr/share/texlive/texmf-dist/tex/latex/psnfss/ot1phv.fd
File: ot1phv.fd 2001/06/04 scalable font definitions for OT1/phv.
)
LaTeX Font Info:    Font shape `OT1/phv/bx/n' in size <24.88> not available
(Font)              Font shape `OT1/phv/b/n' tried instead on input line 56.

Overfull \hbox (12.7316pt too wide) in paragraph at lines 56--56
[][] 
 []


Overfull \hbox (280.04623pt too wide) in paragraph at lines 56--56
[][][]  
 []

LaTeX Font Info:    External font `cmex10' loaded for size
(Font)              <7> on input line 56.
LaTeX Font Info:    External font `cmex10' loaded for size
(Font)              <5> on input line 56.
(./introduction.tex [1


{/var/lib/texmf/fonts/map/pdftex/updmap/pdftex.map}])
(./environment.tex [2]
<Figures/PdG-L3_entranceExit.jpg, id=72, 2993.1825pt x 2004.48875pt>
File: Figures/PdG-L3_entranceExit.jpg Graphic file (type jpg)

<use Figures/PdG-L3_entranceExit.jpg>
Package pdftex.def Info: Figures/PdG-L3_entranceExit.jpg used on input line 45.

(pdftex.def)             Requested size: 243.91124pt x 163.32921pt.


Package caption Warning: The option `hypcap=true' will be ignored for this
(caption)                particular \caption on input line 46.
See the caption package documentation for explanation.

[3 <./Figures/PdG-L3_entranceExit.jpg>]

LaTeX Font Warning: Font shape `OT1/cmss/m/it' in size <10> not available
(Font)              Font shape `OT1/cmss/m/sl' tried instead on input line 53.

<Figures/PdG-L3_platform.jpg, id=84, 3276.24pt x 2457.18pt>
File: Figures/PdG-L3_platform.jpg Graphic file (type jpg)

<use Figures/PdG-L3_platform.jpg>
Package pdftex.def Info: Figures/PdG-L3_platform.jpg used on input line 61.
(pdftex.def)             Requested size: 243.91124pt x 182.93079pt.


Package caption Warning: The option `hypcap=true' will be ignored for this
(caption)                particular \caption on input line 62.
See the caption package documentation for explanation.

<Figures/PdG-L3_schematic2.jpg, id=88, 910.90312pt x 322.95656pt>
File: Figures/PdG-L3_schematic2.jpg Graphic file (type jpg)

<use Figures/PdG-L3_schematic2.jpg>
Package pdftex.def Info: Figures/PdG-L3_schematic2.jpg used on input line 78.
(pdftex.def)             Requested size: 243.91124pt x 86.47502pt.


Package caption Warning: The option `hypcap=true' will be ignored for this
(caption)                particular \caption on input line 79.
See the caption package documentation for explanation.

<Figures/PdG-L3_CCTVcamera_transitArea.jpg, id=94, 3276.24pt x 1806.75pt>
File: Figures/PdG-L3_CCTVcamera_transitArea.jpg Graphic file (type jpg)

<use Figures/PdG-L3_CCTVcamera_transitArea.jpg>
Package pdftex.def Info: Figures/PdG-L3_CCTVcamera_transitArea.jpg used on inpu
t line 96.
(pdftex.def)             Requested size: 241.02396pt x 132.90894pt.

<Figures/PdG-L3_CCTVcamera_platform.jpg, id=96, 3276.24pt x 1806.75pt>
File: Figures/PdG-L3_CCTVcamera_platform.jpg Graphic file (type jpg)

<use Figures/PdG-L3_CCTVcamera_platform.jpg>
Package pdftex.def Info: Figures/PdG-L3_CCTVcamera_platform.jpg used on input l
ine 101.
(pdftex.def)             Requested size: 241.02396pt x 132.90894pt.

Overfull \hbox (3.77937pt too wide) in paragraph at lines 96--102
 [][] 
 []


Overfull \hbox (3.77937pt too wide) in paragraph at lines 96--102
 [][] 
 []


Package caption Warning: The option `hypcap=true' will be ignored for this
(caption)                particular \caption on input line 103.
See the caption package documentation for explanation.

[4 <./Figures/PdG-L3_platform.jpg> <./Figures/PdG-L3_schematic2.jpg>] [5 <./Fig
ures/PdG-L3_CCTVcamera_transitArea.jpg> <./Figures/PdG-L3_CCTVcamera_platform.j
pg>] <Figures/imageProcessing.pdf, id=122, 398.68939pt x 162.6075pt>
File: Figures/imageProcessing.pdf Graphic file (type pdf)

<use Figures/imageProcessing.pdf>
Package pdftex.def Info: Figures/imageProcessing.pdf used on input line 145.
(pdftex.def)             Requested size: 243.91124pt x 99.47824pt.


Package caption Warning: The option `hypcap=true' will be ignored for this
(caption)                particular \caption on input line 146.
See the caption package documentation for explanation.

) (./passengerDensityData.tex
<Figures/rawData_week.pdf, id=124, 439.4301pt x 151.18683pt>
File: Figures/rawData_week.pdf Graphic file (type pdf)

<use Figures/rawData_week.pdf>
Package pdftex.def Info: Figures/rawData_week.pdf used on input line 12.
(pdftex.def)             Requested size: 523.95749pt x 180.29057pt.

<Figures/Figure_PersonCount_Hours.png, id=125, 1168.365pt x 551.05875pt>
File: Figures/Figure_PersonCount_Hours.png Graphic file (type png)

<use Figures/Figure_PersonCount_Hours.png>
Package pdftex.def Info: Figures/Figure_PersonCount_Hours.png used on input lin
e 20.
(pdftex.def)             Requested size: 523.95749pt x 247.13329pt.

<Figures/Figure_Prediction.png, id=126, 1173.63469pt x 606.76688pt>
File: Figures/Figure_Prediction.png Graphic file (type png)

<use Figures/Figure_Prediction.png>
Package pdftex.def Info: Figures/Figure_Prediction.png used on input line 28.
(pdftex.def)             Requested size: 523.95749pt x 270.88533pt.

<Figures/Figure_PredictionError.png, id=127, 1207.51125pt x 602.25pt>
File: Figures/Figure_PredictionError.png Graphic file (type png)

<use Figures/Figure_PredictionError.png>
Package pdftex.def Info: Figures/Figure_PredictionError.png used on input line 
34.
(pdftex.def)             Requested size: 523.95749pt x 261.32417pt.
) (./conclusion.tex) [6 <./Figures/imageProcessing.pdf>] (./acknowledgements.te
x) (./GreenSubwayStationData.bbl
LaTeX Font Info:    Font shape `OT1/cmtt/bx/n' in size <9> not available
(Font)              Font shape `OT1/cmtt/m/n' tried instead on input line 5.
LaTeX Font Info:    External font `cmex10' loaded for size
(Font)              <9> on input line 5.
LaTeX Font Info:    External font `cmex10' loaded for size
(Font)              <6> on input line 5.
)
Package atveryend Info: Empty hook `BeforeClearDocument' on input line 103.

Overfull \vbox (2.22223pt too high) has occurred while \output is active []


[7 <./Figures/rawData_week.pdf>] [8 <./Figures/Figure_PersonCount_Hours.png>]
[9 <./Figures/Figure_Prediction.png>] [10 <./Figures/Figure_PredictionError.png
>]
Package atveryend Info: Empty hook `AfterLastShipout' on input line 103.
 (./GreenSubwayStationData.aux)
Package atveryend Info: Executing hook `AtVeryEndDocument' on input line 103.
Package atveryend Info: Executing hook `AtEndAfterFileList' on input line 103.
Package rerunfilecheck Info: File `GreenSubwayStationData.out' has not changed.

(rerunfilecheck)             Checksum: C45DA92A4349072BFF546888BE8AA120;692.
Package atveryend Info: Empty hook `AtVeryVeryEnd' on input line 103.
 ) 
Here is how much of TeX's memory you used:
 6959 strings out of 494935
 107042 string characters out of 6178122
 183592 words of memory out of 5000000
 10050 multiletter control sequences out of 15000+600000
 11093 words of font info for 34 fonts, out of 8000000 for 9000
 36 hyphenation exceptions out of 8191
 43i,7n,41p,592b,427s stack positions out of 5000i,500n,10000p,200000b,80000s
{/usr/share/texlive/texmf-dist/fonts/enc/dvips/base/8r.enc}</usr/share/texliv
e/texmf-dist/fonts/type1/public/amsfonts/cm/cmss10.pfb></usr/share/texlive/texm
f-dist/fonts/type1/public/amsfonts/cm/cmss8.pfb></usr/share/texlive/texmf-dist/
fonts/type1/public/amsfonts/cm/cmss9.pfb></usr/share/texlive/texmf-dist/fonts/t
ype1/public/amsfonts/cm/cmssbx10.pfb></usr/share/texlive/texmf-dist/fonts/type1
/public/amsfonts/cm/cmssi10.pfb></usr/share/texlive/texmf-dist/fonts/type1/publ
ic/amsfonts/cm/cmsy7.pfb></usr/share/texlive/texmf-dist/fonts/type1/public/amsf
onts/cm/cmtt9.pfb></usr/share/texlive/texmf-dist/fonts/type1/urw/helvetic/uhvb8
a.pfb>
Output written on GreenSubwayStationData.pdf (10 pages, 11307747 bytes).
PDF statistics:
 222 PDF objects out of 1000 (max. 8388607)
 182 compressed objects within 2 object streams
 55 named destinations out of 1000 (max. 500000)
 139 words of extra memory for PDF output out of 10000 (max. 10000000)

